# JRE version: OpenJDK Runtime Environment Temurin-21.0.4+7 (21.0.4+7) (build 21.0.4+7-LTS)
# Java VM: OpenJDK 64-Bit Server VM Temurin-21.0.4+7 (21.0.4+7-LTS, mixed mode, sharing, tiered, compressed oops, compressed class ptrs, g1 gc, windows-amd64)
GC Precious Log:
 CardTable entry size: 512
 Card Set container configuration: InlinePtr #cards 5 size 8 Array Of Cards #cards 12 size 40 Howl #buckets 4 coarsen threshold 1843 Howl Bitmap #cards 512 size 80 coarsen threshold 460 Card regions per heap region 1 cards per card region 2048
 CPUs: 8 total, 8 available
 Memory: 3836M
 Large Page Support: Disabled
 NUMA Support: Disabled
 Compressed Oops: Enabled (32-bit)
 Heap Region Size: 1M
 Heap Min Capacity: 8M
 Heap Initial Capacity: 60M
 Heap Max Capacity: 960M
 Pre-touch: Disabled
 Parallel Workers: 8
 Concurrent Workers: 2
 Concurrent Refinement Workers: 8
 Periodic GC: Disabled
Heap:
 garbage-first heap   total 282624K, used 278743K [0x00000000c4000000, 0x0000000100000000)
  region size 1024K, 3 young (3072K), 1 survivors (1024K)
 Metaspace       used 11642K, committed 11968K, reserved 1114112K
  class space    used 1061K, committed 1216K, reserved 1048576K
GC Heap History (20 events):
Event: 1005.403 GC heap before
{Heap before GC invocations=172 (full 10):
 garbage-first heap   total 235520K, used 68301K [0x00000000c4000000, 0x0000000100000000)
  region size 1024K, 2 young (2048K), 1 survivors (1024K)
 Metaspace       used 11642K, committed 11968K, reserved 1114112K
  class space    used 1061K, committed 1216K, reserved 1048576K
}
Event: 1005.405 GC heap after
{Heap after GC invocations=173 (full 10):
 garbage-first heap   total 235520K, used 18125K [0x00000000c4000000, 0x0000000100000000)
  region size 1024K, 1 young (1024K), 1 survivors (1024K)
 Metaspace       used 11642K, committed 11968K, reserved 1114112K
  class space    used 1061K, committed 1216K, reserved 1048576K
}
Event: 1006.220 GC heap before
{Heap before GC invocations=173 (full 10):
 garbage-first heap   total 235520K, used 68301K [0x00000000c4000000, 0x0000000100000000)
  region size 1024K, 2 young (2048K), 1 survivors (1024K)
 Metaspace       used 11642K, committed 11968K, reserved 1114112K
  class space    used 1061K, committed 1216K, reserved 1048576K
}
Event: 1006.222 GC heap after
{Heap after GC invocations=174 (full 10):
 garbage-first heap   total 235520K, used 18129K [0x00000000c4000000, 0x0000000100000000)
  region size 1024K, 1 young (1024K), 1 survivors (1024K)
 Metaspace       used 11642K, committed 11968K, reserved 1114112K
  class space    used 1061K, committed 1216K, reserved 1048576K
}
Event: 1007.053 GC heap before
{Heap before GC invocations=174 (full 10):
 garbage-first heap   total 235520K, used 69329K [0x00000000c4000000, 0x0000000100000000)
  region size 1024K, 2 young (2048K), 1 survivors (1024K)
 Metaspace       used 11642K, committed 11968K, reserved 1114112K
  class space    used 1061K, committed 1216K, reserved 1048576K
}
Event: 1007.055 GC heap after
{Heap after GC invocations=175 (full 10):
 garbage-first heap   total 235520K, used 18125K [0x00000000c4000000, 0x0000000100000000)
  region size 1024K, 1 young (1024K), 1 survivors (1024K)
 Metaspace       used 11642K, committed 11968K, reserved 1114112K
  class space    used 1061K, committed 1216K, reserved 1048576K
}
Event: 1007.884 GC heap before
{Heap before GC invocations=175 (full 10):
 garbage-first heap   total 235520K, used 69325K [0x00000000c4000000, 0x0000000100000000)
  region size 1024K, 2 young (2048K), 1 survivors (1024K)
 Metaspace       used 11642K, committed 11968K, reserved 1114112K
  class space    used 1061K, committed 1216K, reserved 1048576K
}
Event: 1007.887 GC heap after
{Heap after GC invocations=176 (full 10):
 garbage-first heap   total 235520K, used 18123K [0x00000000c4000000, 0x0000000100000000)
  region size 1024K, 1 young (1024K), 1 survivors (1024K)
 Metaspace       used 11642K, committed 11968K, reserved 1114112K
  class space    used 1061K, committed 1216K, reserved 1048576K
}
Event: 1008.716 GC heap before
{Heap before GC invocations=176 (full 10):
 garbage-first heap   total 235520K, used 69323K [0x00000000c4000000, 0x0000000100000000)
  region size 1024K, 2 young (2048K), 1 survivors (1024K)
 Metaspace       used 11642K, committed 11968K, reserved 1114112K
  class space    used 1061K, committed 1216K, reserved 1048576K
}
Event: 1008.718 GC heap after
{Heap after GC invocations=177 (full 10):
 garbage-first heap   total 235520K, used 18125K [0x00000000c4000000, 0x0000000100000000)
  region size 1024K, 1 young (1024K), 1 survivors (1024K)
 Metaspace       used 11642K, committed 11968K, reserved 1114112K
  class space    used 1061K, committed 1216K, reserved 1048576K
}
Event: 1009.564 GC heap before
{Heap before GC invocations=177 (full 10):
 garbage-first heap   total 235520K, used 70349K [0x00000000c4000000, 0x0000000100000000)
  region size 1024K, 2 young (2048K), 1 survivors (1024K)
 Metaspace       used 11642K, committed 11968K, reserved 1114112K
  class space    used 1061K, committed 1216K, reserved 1048576K
}
Event: 1009.566 GC heap after
{Heap after GC invocations=178 (full 10):
 garbage-first heap   total 235520K, used 18127K [0x00000000c4000000, 0x0000000100000000)
  region size 1024K, 1 young (1024K), 1 survivors (1024K)
 Metaspace       used 11642K, committed 11968K, reserved 1114112K
  class space    used 1061K, committed 1216K, reserved 1048576K
}
Event: 1010.412 GC heap before
{Heap before GC invocations=178 (full 10):
 garbage-first heap   total 235520K, used 70351K [0x00000000c4000000, 0x0000000100000000)
  region size 1024K, 2 young (2048K), 1 survivors (1024K)
 Metaspace       used 11642K, committed 11968K, reserved 1114112K
  class space    used 1061K, committed 1216K, reserved 1048576K
}
Event: 1010.415 GC heap after
{Heap after GC invocations=179 (full 10):
 garbage-first heap   total 235520K, used 18125K [0x00000000c4000000, 0x0000000100000000)
  region size 1024K, 1 young (1024K), 1 survivors (1024K)
 Metaspace       used 11642K, committed 11968K, reserved 1114112K
  class space    used 1061K, committed 1216K, reserved 1048576K
}
Event: 1011.277 GC heap before
{Heap before GC invocations=179 (full 10):
 garbage-first heap   total 235520K, used 70349K [0x00000000c4000000, 0x0000000100000000)
  region size 1024K, 2 young (2048K), 1 survivors (1024K)
 Metaspace       used 11642K, committed 11968K, reserved 1114112K
  class space    used 1061K, committed 1216K, reserved 1048576K
}
Event: 1011.280 GC heap after
{Heap after GC invocations=180 (full 10):
 garbage-first heap   total 235520K, used 18127K [0x00000000c4000000, 0x0000000100000000)
  region size 1024K, 1 young (1024K), 1 survivors (1024K)
 Metaspace       used 11642K, committed 11968K, reserved 1114112K
  class space    used 1061K, committed 1216K, reserved 1048576K
}
Event: 1012.138 GC heap before
{Heap before GC invocations=180 (full 10):
 garbage-first heap   total 235520K, used 71375K [0x00000000c4000000, 0x0000000100000000)
  region size 1024K, 2 young (2048K), 1 survivors (1024K)
 Metaspace       used 11642K, committed 11968K, reserved 1114112K
  class space    used 1061K, committed 1216K, reserved 1048576K
}
Event: 1012.139 GC heap after
{Heap after GC invocations=181 (full 10):
 garbage-first heap   total 235520K, used 18127K [0x00000000c4000000, 0x0000000100000000)
  region size 1024K, 1 young (1024K), 1 survivors (1024K)
 Metaspace       used 11642K, committed 11968K, reserved 1114112K
  class space    used 1061K, committed 1216K, reserved 1048576K
}
Event: 1013.006 GC heap before
{Heap before GC invocations=181 (full 10):
 garbage-first heap   total 235520K, used 71375K [0x00000000c4000000, 0x0000000100000000)
  region size 1024K, 2 young (2048K), 1 survivors (1024K)
 Metaspace       used 11642K, committed 11968K, reserved 1114112K
  class space    used 1061K, committed 1216K, reserved 1048576K
}
Event: 1013.008 GC heap after
{Heap after GC invocations=182 (full 10):
 garbage-first heap   total 235520K, used 18133K [0x00000000c4000000, 0x0000000100000000)
  region size 1024K, 1 young (1024K), 1 survivors (1024K)
 Metaspace       used 11642K, committed 11968K, reserved 1114112K
  class space    used 1061K, committed 1216K, reserved 1048576K
}

